<?xml version="1.0" encoding="UTF-8" ?>
<testsuite tests="8" failures="0" name="TestSuite" time="96.606" errors="0" skipped="0">
  <properties>
[...]
</properties>
  <testcase classname="com.dataart.selenium.tests.ApplicationTest" name="app_with_img" time="3.721"/>
  <testcase classname="com.dataart.selenium.tests.ApplicationTest" name="app_without_img" time="3.731"/>
  <testcase classname="com.dataart.selenium.tests.ApplicationTest" name="edit_app" time="2.893"/>
  <testcase classname="com.dataart.selenium.tests.ApplicationTest" name="parsing" time="1.661"/>
  <testcase classname="com.dataart.selenium.tests.RegistrationTest" name="registration" time="1.957"/>
  <testcase classname="com.dataart.selenium.tests.RegistrationTest" name="registration_dev_upload" time="1.86"/>
  <testcase classname="com.dataart.selenium.tests.RegistrationTest" name="registration_logout" time="2.271"/>
  <testcase classname="com.dataart.selenium.tests.RegistrationTest" name="registration_user_upload" time="2.064"/>
</testsuite>